[debug] [2021-08-21T15:08:52.502Z] ----------------------------------------------------------------------
[debug] [2021-08-21T15:08:52.505Z] Command:       C:\Program Files\nodejs\node.exe C:\Users\HP\AppData\Roaming\npm\node_modules\firebase-tools\lib\bin\firebase.js init
[debug] [2021-08-21T15:08:52.506Z] CLI Version:   9.16.5
[debug] [2021-08-21T15:08:52.506Z] Platform:      win32
[debug] [2021-08-21T15:08:52.506Z] Node Version:  v16.6.1
[debug] [2021-08-21T15:08:52.508Z] Time:          Sat Aug 21 2021 16:08:52 GMT+0100 (heure normale d’Afrique de l’Ouest)
[debug] [2021-08-21T15:08:52.508Z] ----------------------------------------------------------------------
[debug] 
[debug] [2021-08-21T15:08:52.544Z] > command requires scopes: ["email","openid","https://www.googleapis.com/auth/cloudplatformprojects.readonly","https://www.googleapis.com/auth/firebase","https://www.googleapis.com/auth/cloud-platform"]
[debug] [2021-08-21T15:08:52.545Z] > authorizing via signed-in user (achrefpgm@gmail.com)
[info] 
     ######## #### ########  ######## ########     ###     ######  ########
     ##        ##  ##     ## ##       ##     ##  ##   ##  ##       ##
     ######    ##  ########  ######   ########  #########  ######  ######
     ##        ##  ##    ##  ##       ##     ## ##     ##       ## ##
     ##       #### ##     ## ######## ########  ##     ##  ######  ########

You're about to initialize a Firebase project in this directory:

  C:\Users\HP\Desktop\signal

[info] 
=== Project Setup
[info] 
[info] First, let's associate this project directory with a Firebase project.
[info] You can create multiple project aliases by running firebase use --add, 
[info] but for now we'll just set up a default project.
[info] 
[debug] [2021-08-21T15:09:15.450Z] >>> [apiv2][query] GET https://firebase.googleapis.com/v1beta1/projects pageSize=100
[debug] [2021-08-21T15:09:16.694Z] <<< [apiv2][status] GET https://firebase.googleapis.com/v1beta1/projects 200
[debug] [2021-08-21T15:09:16.694Z] <<< [apiv2][body] GET https://firebase.googleapis.com/v1beta1/projects [omitted]
[info] i  Using project signal-clone-ec71c (signal-clone) 
[info] 
=== Hosting:github Setup
[info] 
[info] i  Detected a .git folder at C:\Users\HP\Desktop\signal 
[info] i  Authorizing with GitHub to upload your service account to a GitHub repository's secrets store. 
[info] 
[info] Visit this URL on this device to log in:
[info] https://github.com/login/oauth/authorize?client_id=89cf50f02ac6aaed3484&state=284721007&redirect_uri=http%3A%2F%2Flocalhost%3A9005&scope=read%3Auser%20repo%20public_repo
[info] 
[info] Waiting for authentication...
[debug] [2021-08-21T15:09:32.516Z] >>> HTTP REQUEST POST https://github.com/login/oauth/access_token  
 {"client_id":"89cf50f02ac6aaed3484","client_secret":"3330d14abc895d9a74d5f17cd7a00711fa2c5bf0","code":"88960215e5375a9ea1e9","redirect_uri":"http://localhost:9005","state":"284721007"}
[debug] [2021-08-21T15:09:32.959Z] <<< HTTP RESPONSE 200 {"server":"GitHub.com","date":"Sat, 21 Aug 2021 15:09:34 GMT","content-type":"application/json; charset=utf-8","transfer-encoding":"chunked","vary":"X-PJAX, Accept-Encoding, Accept, X-Requested-With","permissions-policy":"interest-cohort=()","etag":"W/\"03997d255c98b113b096b5ceef0f8877\"","cache-control":"max-age=0, private, must-revalidate","strict-transport-security":"max-age=31536000; includeSubdomains; preload","x-frame-options":"deny","x-content-type-options":"nosniff","x-xss-protection":"0","referrer-policy":"origin-when-cross-origin, strict-origin-when-cross-origin","expect-ct":"max-age=2592000, report-uri=\"https://api.github.com/_private/browser/errors\"","content-security-policy":"default-src 'none'; base-uri 'self'; block-all-mixed-content; connect-src 'self' uploads.github.com www.githubstatus.com collector.githubapp.com api.github.com github-cloud.s3.amazonaws.com github-production-repository-file-5c1aeb.s3.amazonaws.com github-production-upload-manifest-file-7fdce7.s3.amazonaws.com github-production-user-asset-6210df.s3.amazonaws.com cdn.optimizely.com logx.optimizely.com/v1/events translator.github.com wss://alive.github.com; font-src github.githubassets.com; form-action 'self' github.com gist.github.com; frame-ancestors 'none'; frame-src render.githubusercontent.com viewscreen.githubusercontent.com; img-src 'self' data: github.githubassets.com identicons.github.com collector.githubapp.com github-cloud.s3.amazonaws.com secured-user-images.githubusercontent.com/ *.githubusercontent.com; manifest-src 'self'; media-src 'none'; script-src github.githubassets.com; style-src 'unsafe-inline' github.githubassets.com; worker-src github.com/socket-worker-3f088aa2.js gist.github.com/socket-worker-3f088aa2.js","x-github-request-id":"D391:7CEF:9AF0D1:AE5C26:6121172D"}
[debug] [2021-08-21T15:09:32.973Z] >>> [apiv2][query] GET https://api.github.com/user [none]
[debug] [2021-08-21T15:09:33.406Z] <<< [apiv2][status] GET https://api.github.com/user 200
[debug] [2021-08-21T15:09:33.407Z] <<< [apiv2][body] GET https://api.github.com/user {"login":"achrefbenmehrez","id":45834286,"node_id":"MDQ6VXNlcjQ1ODM0Mjg2","avatar_url":"https://avatars.githubusercontent.com/u/45834286?v=4","gravatar_id":"","url":"https://api.github.com/users/achrefbenmehrez","html_url":"https://github.com/achrefbenmehrez","followers_url":"https://api.github.com/users/achrefbenmehrez/followers","following_url":"https://api.github.com/users/achrefbenmehrez/following{/other_user}","gists_url":"https://api.github.com/users/achrefbenmehrez/gists{/gist_id}","starred_url":"https://api.github.com/users/achrefbenmehrez/starred{/owner}{/repo}","subscriptions_url":"https://api.github.com/users/achrefbenmehrez/subscriptions","organizations_url":"https://api.github.com/users/achrefbenmehrez/orgs","repos_url":"https://api.github.com/users/achrefbenmehrez/repos","events_url":"https://api.github.com/users/achrefbenmehrez/events{/privacy}","received_events_url":"https://api.github.com/users/achrefbenmehrez/received_events","type":"User","site_admin":false,"name":null,"company":null,"blog":"","location":null,"email":null,"hireable":null,"bio":null,"twitter_username":null,"public_repos":9,"public_gists":0,"followers":1,"following":0,"created_at":"2018-12-12T22:36:20Z","updated_at":"2021-08-16T16:02:12Z","private_gists":0,"total_private_repos":2,"owned_private_repos":2,"disk_usage":38637,"collaborators":3,"two_factor_authentication":false,"plan":{"name":"pro","space":976562499,"collaborators":0,"private_repos":9999}}
[info] 
[info] +  Success! Logged into GitHub as achrefbenmehrez 
[info] 
